# JRE version: Java(TM) SE Runtime Environment (8.0_152-b16) (build 1.8.0_152-b16)
# Java VM: Java HotSpot(TM) 64-Bit Server VM (25.152-b16 mixed mode windows-amd64 compressed oops)
Heap:
 PSYoungGen      total 210432K, used 114629K [0x000000076bc00000, 0x0000000782600000, 0x00000007c0000000)
  eden space 169472K, 67% used [0x000000076bc00000,0x0000000772bf1620,0x0000000776180000)
  from space 40960K, 0% used [0x000000077fe00000,0x000000077fe00000,0x0000000782600000)
  to   space 16896K, 0% used [0x0000000776180000,0x0000000776180000,0x0000000777200000)
 ParOldGen       total 94720K, used 87959K [0x00000006c3400000, 0x00000006c9080000, 0x000000076bc00000)
  object space 94720K, 92% used [0x00000006c3400000,0x00000006c89e5c10,0x00000006c9080000)
 Metaspace       used 40665K, capacity 42366K, committed 42624K, reserved 1087488K
  class space    used 5164K, capacity 5483K, committed 5504K, reserved 1048576K
GC Heap History (10 events):
Event: 5.915 GC heap before
{Heap before GC invocations=6 (full 1):
 PSYoungGen      total 113152K, used 112798K [0x000000076bc00000, 0x0000000774b00000, 0x00000007c0000000)
  eden space 107520K, 100% used [0x000000076bc00000,0x0000000772500000,0x0000000772500000)
  from space 5632K, 93% used [0x0000000774580000,0x0000000774aa7960,0x0000000774b00000)
  to   space 10752K, 0% used [0x0000000773600000,0x0000000773600000,0x0000000774080000)
 ParOldGen       total 94720K, used 8728K [0x00000006c3400000, 0x00000006c9080000, 0x000000076bc00000)
  object space 94720K, 9% used [0x00000006c3400000,0x00000006c3c86070,0x00000006c9080000)
 Metaspace       used 26993K, capacity 27974K, committed 28160K, reserved 1073152K
  class space    used 3535K, capacity 3771K, committed 3840K, reserved 1048576K
Event: 5.933 GC heap after
Heap after GC invocations=6 (full 1):
 PSYoungGen      total 135680K, used 10697K [0x000000076bc00000, 0x0000000777d80000, 0x00000007c0000000)
  eden space 124928K, 0% used [0x000000076bc00000,0x000000076bc00000,0x0000000773600000)
  from space 10752K, 99% used [0x0000000773600000,0x00000007740725c0,0x0000000774080000)
  to   space 11776K, 0% used [0x0000000777200000,0x0000000777200000,0x0000000777d80000)
 ParOldGen       total 94720K, used 8736K [0x00000006c3400000, 0x00000006c9080000, 0x000000076bc00000)
  object space 94720K, 9% used [0x00000006c3400000,0x00000006c3c88070,0x00000006c9080000)
 Metaspace       used 26993K, capacity 27974K, committed 28160K, reserved 1073152K
  class space    used 3535K, capacity 3771K, committed 3840K, reserved 1048576K
}
Event: 7.649 GC heap before
{Heap before GC invocations=7 (full 1):
 PSYoungGen      total 135680K, used 135625K [0x000000076bc00000, 0x0000000777d80000, 0x00000007c0000000)
  eden space 124928K, 100% used [0x000000076bc00000,0x0000000773600000,0x0000000773600000)
  from space 10752K, 99% used [0x0000000773600000,0x00000007740725c0,0x0000000774080000)
  to   space 11776K, 0% used [0x0000000777200000,0x0000000777200000,0x0000000777d80000)
 ParOldGen       total 94720K, used 8736K [0x00000006c3400000, 0x00000006c9080000, 0x000000076bc00000)
  object space 94720K, 9% used [0x00000006c3400000,0x00000006c3c88070,0x00000006c9080000)
 Metaspace       used 32196K, capacity 33538K, committed 33664K, reserved 1079296K
  class space    used 4199K, capacity 4467K, committed 4480K, reserved 1048576K
Event: 7.666 GC heap after
Heap after GC invocations=7 (full 1):
 PSYoungGen      total 181248K, used 11745K [0x000000076bc00000, 0x0000000779f80000, 0x00000007c0000000)
  eden space 169472K, 0% used [0x000000076bc00000,0x000000076bc00000,0x0000000776180000)
  from space 11776K, 99% used [0x0000000777200000,0x0000000777d785c0,0x0000000777d80000)
  to   space 16896K, 0% used [0x0000000776180000,0x0000000776180000,0x0000000777200000)
 ParOldGen       total 94720K, used 14552K [0x00000006c3400000, 0x00000006c9080000, 0x000000076bc00000)
  object space 94720K, 15% used [0x00000006c3400000,0x00000006c4236020,0x00000006c9080000)
 Metaspace       used 32196K, capacity 33538K, committed 33664K, reserved 1079296K
  class space    used 4199K, capacity 4467K, committed 4480K, reserved 1048576K
}
Event: 8.351 GC heap before
{Heap before GC invocations=8 (full 1):
 PSYoungGen      total 181248K, used 181217K [0x000000076bc00000, 0x0000000779f80000, 0x00000007c0000000)
  eden space 169472K, 100% used [0x000000076bc00000,0x0000000776180000,0x0000000776180000)
  from space 11776K, 99% used [0x0000000777200000,0x0000000777d785c0,0x0000000777d80000)
  to   space 16896K, 0% used [0x0000000776180000,0x0000000776180000,0x0000000777200000)
 ParOldGen       total 94720K, used 14552K [0x00000006c3400000, 0x00000006c9080000, 0x000000076bc00000)
  object space 94720K, 15% used [0x00000006c3400000,0x00000006c4236020,0x00000006c9080000)
 Metaspace       used 33782K, capacity 35274K, committed 35456K, reserved 1079296K
  class space    used 4350K, capacity 4658K, committed 4736K, reserved 1048576K
Event: 8.392 GC heap after
Heap after GC invocations=8 (full 1):
 PSYoungGen      total 186368K, used 16894K [0x000000076bc00000, 0x0000000782600000, 0x00000007c0000000)
  eden space 169472K, 0% used [0x000000076bc00000,0x000000076bc00000,0x0000000776180000)
  from space 16896K, 99% used [0x0000000776180000,0x00000007771ff910,0x0000000777200000)
  to   space 40960K, 0% used [0x000000077fe00000,0x000000077fe00000,0x0000000782600000)
 ParOldGen       total 94720K, used 57219K [0x00000006c3400000, 0x00000006c9080000, 0x000000076bc00000)
  object space 94720K, 60% used [0x00000006c3400000,0x00000006c6be0cf8,0x00000006c9080000)
 Metaspace       used 33782K, capacity 35274K, committed 35456K, reserved 1079296K
  class space    used 4350K, capacity 4658K, committed 4736K, reserved 1048576K
}
Event: 8.487 GC heap before
{Heap before GC invocations=9 (full 1):
 PSYoungGen      total 186368K, used 100781K [0x000000076bc00000, 0x0000000782600000, 0x00000007c0000000)
  eden space 169472K, 49% used [0x000000076bc00000,0x0000000770debeb0,0x0000000776180000)
  from space 16896K, 99% used [0x0000000776180000,0x00000007771ff910,0x0000000777200000)
  to   space 40960K, 0% used [0x000000077fe00000,0x000000077fe00000,0x0000000782600000)
 ParOldGen       total 94720K, used 57219K [0x00000006c3400000, 0x00000006c9080000, 0x000000076bc00000)
  object space 94720K, 60% used [0x00000006c3400000,0x00000006c6be0cf8,0x00000006c9080000)
 Metaspace       used 33875K, capacity 35338K, committed 35456K, reserved 1079296K
  class space    used 4355K, capacity 4658K, committed 4736K, reserved 1048576K
Event: 8.523 GC heap after
Heap after GC invocations=9 (full 1):
 PSYoungGen      total 210432K, used 39682K [0x000000076bc00000, 0x0000000782600000, 0x00000007c0000000)
  eden space 169472K, 0% used [0x000000076bc00000,0x000000076bc00000,0x0000000776180000)
  from space 40960K, 96% used [0x000000077fe00000,0x00000007824c0870,0x0000000782600000)
  to   space 16896K, 0% used [0x0000000776180000,0x0000000776180000,0x0000000777200000)
 ParOldGen       total 94720K, used 60337K [0x00000006c3400000, 0x00000006c9080000, 0x000000076bc00000)
  object space 94720K, 63% used [0x00000006c3400000,0x00000006c6eec6a8,0x00000006c9080000)
 Metaspace       used 33875K, capacity 35338K, committed 35456K, reserved 1079296K
  class space    used 4355K, capacity 4658K, committed 4736K, reserved 1048576K
}
Event: 8.523 GC heap before
{Heap before GC invocations=10 (full 2):
 PSYoungGen      total 210432K, used 39682K [0x000000076bc00000, 0x0000000782600000, 0x00000007c0000000)
  eden space 169472K, 0% used [0x000000076bc00000,0x000000076bc00000,0x0000000776180000)
  from space 40960K, 96% used [0x000000077fe00000,0x00000007824c0870,0x0000000782600000)
  to   space 16896K, 0% used [0x0000000776180000,0x0000000776180000,0x0000000777200000)
 ParOldGen       total 94720K, used 60337K [0x00000006c3400000, 0x00000006c9080000, 0x000000076bc00000)
  object space 94720K, 63% used [0x00000006c3400000,0x00000006c6eec6a8,0x00000006c9080000)
 Metaspace       used 33875K, capacity 35338K, committed 35456K, reserved 1079296K
  class space    used 4355K, capacity 4658K, committed 4736K, reserved 1048576K
Event: 8.761 GC heap after
Heap after GC invocations=10 (full 2):
 PSYoungGen      total 210432K, used 0K [0x000000076bc00000, 0x0000000782600000, 0x00000007c0000000)
  eden space 169472K, 0% used [0x000000076bc00000,0x000000076bc00000,0x0000000776180000)
  from space 40960K, 0% used [0x000000077fe00000,0x000000077fe00000,0x0000000782600000)
  to   space 16896K, 0% used [0x0000000776180000,0x0000000776180000,0x0000000777200000)
 ParOldGen       total 94720K, used 87959K [0x00000006c3400000, 0x00000006c9080000, 0x000000076bc00000)
  object space 94720K, 92% used [0x00000006c3400000,0x00000006c89e5c10,0x00000006c9080000)
 Metaspace       used 33875K, capacity 35338K, committed 35456K, reserved 1079296K
  class space    used 4355K, capacity 4658K, committed 4736K, reserved 1048576K
}

