# JRE version: Java(TM) SE Runtime Environment (8.0_152-b16) (build 1.8.0_152-b16)
# Java VM: Java HotSpot(TM) 64-Bit Server VM (25.152-b16 mixed mode windows-amd64 compressed oops)
Heap:
 PSYoungGen      total 153088K, used 18445K [0x00000000f5580000, 0x00000000fff80000, 0x0000000100000000)
  eden space 131584K, 9% used [0x00000000f5580000,0x00000000f62575b0,0x00000000fd600000)
  from space 21504K, 24% used [0x00000000fd600000,0x00000000fdb2c130,0x00000000feb00000)
  to   space 20992K, 0% used [0x00000000feb00000,0x00000000feb00000,0x00000000fff80000)
 ParOldGen       total 153600K, used 84088K [0x00000000e0000000, 0x00000000e9600000, 0x00000000f5580000)
  object space 153600K, 54% used [0x00000000e0000000,0x00000000e521e1f8,0x00000000e9600000)
 Metaspace       used 25035K, capacity 25720K, committed 25904K, reserved 1073152K
  class space    used 2847K, capacity 3017K, committed 3120K, reserved 1048576K
GC Heap History (10 events):
Event: 49.243 GC heap before
{Heap before GC invocations=15 (full 1):
 PSYoungGen      total 148992K, used 137440K [0x00000000f5580000, 0x0000000100000000, 0x0000000100000000)
  eden space 126464K, 100% used [0x00000000f5580000,0x00000000fd100000,0x00000000fd100000)
  from space 22528K, 48% used [0x00000000fd100000,0x00000000fdbb8320,0x00000000fe700000)
  to   space 21504K, 0% used [0x00000000feb00000,0x00000000feb00000,0x0000000100000000)
 ParOldGen       total 87552K, used 66871K [0x00000000e0000000, 0x00000000e5580000, 0x00000000f5580000)
  object space 87552K, 76% used [0x00000000e0000000,0x00000000e414ddc0,0x00000000e5580000)
 Metaspace       used 24679K, capacity 25360K, committed 25520K, reserved 1071104K
  class space    used 2814K, capacity 2989K, committed 2992K, reserved 1048576K
Event: 49.251 GC heap after
Heap after GC invocations=15 (full 1):
 PSYoungGen      total 150016K, used 12555K [0x00000000f5580000, 0x00000000ffe00000, 0x0000000100000000)
  eden space 130560K, 0% used [0x00000000f5580000,0x00000000f5580000,0x00000000fd500000)
  from space 19456K, 64% used [0x00000000feb00000,0x00000000ff742c68,0x00000000ffe00000)
  to   space 20992K, 0% used [0x00000000fd500000,0x00000000fd500000,0x00000000fe980000)
 ParOldGen       total 87552K, used 67239K [0x00000000e0000000, 0x00000000e5580000, 0x00000000f5580000)
  object space 87552K, 76% used [0x00000000e0000000,0x00000000e41a9dc0,0x00000000e5580000)
 Metaspace       used 24679K, capacity 25360K, committed 25520K, reserved 1071104K
  class space    used 2814K, capacity 2989K, committed 2992K, reserved 1048576K
}
Event: 49.916 GC heap before
{Heap before GC invocations=16 (full 1):
 PSYoungGen      total 150016K, used 143115K [0x00000000f5580000, 0x00000000ffe00000, 0x0000000100000000)
  eden space 130560K, 100% used [0x00000000f5580000,0x00000000fd500000,0x00000000fd500000)
  from space 19456K, 64% used [0x00000000feb00000,0x00000000ff742c68,0x00000000ffe00000)
  to   space 20992K, 0% used [0x00000000fd500000,0x00000000fd500000,0x00000000fe980000)
 ParOldGen       total 87552K, used 67239K [0x00000000e0000000, 0x00000000e5580000, 0x00000000f5580000)
  object space 87552K, 76% used [0x00000000e0000000,0x00000000e41a9dc0,0x00000000e5580000)
 Metaspace       used 24965K, capacity 25608K, committed 25904K, reserved 1073152K
  class space    used 2843K, capacity 3009K, committed 3120K, reserved 1048576K
Event: 49.933 GC heap after
Heap after GC invocations=16 (full 1):
 PSYoungGen      total 151552K, used 5552K [0x00000000f5580000, 0x0000000100000000, 0x0000000100000000)
  eden space 130560K, 0% used [0x00000000f5580000,0x00000000f5580000,0x00000000fd500000)
  from space 20992K, 26% used [0x00000000fd500000,0x00000000fda6c140,0x00000000fe980000)
  to   space 20992K, 0% used [0x00000000feb80000,0x00000000feb80000,0x0000000100000000)
 ParOldGen       total 87552K, used 79338K [0x00000000e0000000, 0x00000000e5580000, 0x00000000f5580000)
  object space 87552K, 90% used [0x00000000e0000000,0x00000000e4d7aa40,0x00000000e5580000)
 Metaspace       used 24965K, capacity 25608K, committed 25904K, reserved 1073152K
  class space    used 2843K, capacity 3009K, committed 3120K, reserved 1048576K
}
Event: 49.933 GC heap before
{Heap before GC invocations=17 (full 2):
 PSYoungGen      total 151552K, used 5552K [0x00000000f5580000, 0x0000000100000000, 0x0000000100000000)
  eden space 130560K, 0% used [0x00000000f5580000,0x00000000f5580000,0x00000000fd500000)
  from space 20992K, 26% used [0x00000000fd500000,0x00000000fda6c140,0x00000000fe980000)
  to   space 20992K, 0% used [0x00000000feb80000,0x00000000feb80000,0x0000000100000000)
 ParOldGen       total 87552K, used 79338K [0x00000000e0000000, 0x00000000e5580000, 0x00000000f5580000)
  object space 87552K, 90% used [0x00000000e0000000,0x00000000e4d7aa40,0x00000000e5580000)
 Metaspace       used 24965K, capacity 25608K, committed 25904K, reserved 1073152K
  class space    used 2843K, capacity 3009K, committed 3120K, reserved 1048576K
Event: 50.459 GC heap after
Heap after GC invocations=17 (full 2):
 PSYoungGen      total 151552K, used 0K [0x00000000f5580000, 0x0000000100000000, 0x0000000100000000)
  eden space 130560K, 0% used [0x00000000f5580000,0x00000000f5580000,0x00000000fd500000)
  from space 20992K, 0% used [0x00000000fd500000,0x00000000fd500000,0x00000000fe980000)
  to   space 20992K, 0% used [0x00000000feb80000,0x00000000feb80000,0x0000000100000000)
 ParOldGen       total 153600K, used 81056K [0x00000000e0000000, 0x00000000e9600000, 0x00000000f5580000)
  object space 153600K, 52% used [0x00000000e0000000,0x00000000e4f28028,0x00000000e9600000)
 Metaspace       used 24965K, capacity 25608K, committed 25904K, reserved 1073152K
  class space    used 2843K, capacity 3009K, committed 3120K, reserved 1048576K
}
Event: 50.959 GC heap before
{Heap before GC invocations=18 (full 2):
 PSYoungGen      total 151552K, used 130560K [0x00000000f5580000, 0x0000000100000000, 0x0000000100000000)
  eden space 130560K, 100% used [0x00000000f5580000,0x00000000fd500000,0x00000000fd500000)
  from space 20992K, 0% used [0x00000000fd500000,0x00000000fd500000,0x00000000fe980000)
  to   space 20992K, 0% used [0x00000000feb80000,0x00000000feb80000,0x0000000100000000)
 ParOldGen       total 153600K, used 81056K [0x00000000e0000000, 0x00000000e9600000, 0x00000000f5580000)
  object space 153600K, 52% used [0x00000000e0000000,0x00000000e4f28028,0x00000000e9600000)
 Metaspace       used 25016K, capacity 25714K, committed 25904K, reserved 1073152K
  class space    used 2847K, capacity 3016K, committed 3120K, reserved 1048576K
Event: 50.963 GC heap after
Heap after GC invocations=18 (full 2):
 PSYoungGen      total 152576K, used 3104K [0x00000000f5580000, 0x0000000100000000, 0x0000000100000000)
  eden space 131584K, 0% used [0x00000000f5580000,0x00000000f5580000,0x00000000fd600000)
  from space 20992K, 14% used [0x00000000feb80000,0x00000000fee88090,0x0000000100000000)
  to   space 21504K, 0% used [0x00000000fd600000,0x00000000fd600000,0x00000000feb00000)
 ParOldGen       total 153600K, used 81064K [0x00000000e0000000, 0x00000000e9600000, 0x00000000f5580000)
  object space 153600K, 52% used [0x00000000e0000000,0x00000000e4f2a028,0x00000000e9600000)
 Metaspace       used 25016K, capacity 25714K, committed 25904K, reserved 1073152K
  class space    used 2847K, capacity 3016K, committed 3120K, reserved 1048576K
}
Event: 51.484 GC heap before
{Heap before GC invocations=19 (full 2):
 PSYoungGen      total 152576K, used 134688K [0x00000000f5580000, 0x0000000100000000, 0x0000000100000000)
  eden space 131584K, 100% used [0x00000000f5580000,0x00000000fd600000,0x00000000fd600000)
  from space 20992K, 14% used [0x00000000feb80000,0x00000000fee88090,0x0000000100000000)
  to   space 21504K, 0% used [0x00000000fd600000,0x00000000fd600000,0x00000000feb00000)
 ParOldGen       total 153600K, used 81064K [0x00000000e0000000, 0x00000000e9600000, 0x00000000f5580000)
  object space 153600K, 52% used [0x00000000e0000000,0x00000000e4f2a028,0x00000000e9600000)
 Metaspace       used 25035K, capacity 25720K, committed 25904K, reserved 1073152K
  class space    used 2847K, capacity 3017K, committed 3120K, reserved 1048576K
Event: 51.495 GC heap after
Heap after GC invocations=19 (full 2):
 PSYoungGen      total 153088K, used 5296K [0x00000000f5580000, 0x00000000fff80000, 0x0000000100000000)
  eden space 131584K, 0% used [0x00000000f5580000,0x00000000f5580000,0x00000000fd600000)
  from space 21504K, 24% used [0x00000000fd600000,0x00000000fdb2c130,0x00000000feb00000)
  to   space 20992K, 0% used [0x00000000feb00000,0x00000000feb00000,0x00000000fff80000)
 ParOldGen       total 153600K, used 84088K [0x00000000e0000000, 0x00000000e9600000, 0x00000000f5580000)
  object space 153600K, 54% used [0x00000000e0000000,0x00000000e521e1f8,0x00000000e9600000)
 Metaspace       used 25035K, capacity 25720K, committed 25904K, reserved 1073152K
  class space    used 2847K, capacity 3017K, committed 3120K, reserved 1048576K
}

